-------------------------------------------------------------------------------
Test set: com.escape_technology_llc.MpegTests
-------------------------------------------------------------------------------
Tests run: 8, Failures: 8, Errors: 0, Skipped: 0, Time elapsed: 0.006 s <<< FAILURE! - in com.escape_technology_llc.MpegTests
chunkForSample(com.escape_technology_llc.MpegTests)  Time elapsed: 0.001 s  <<< FAILURE!
java.lang.AssertionError: exists failed
	at com.escape_technology_llc.MpegTests.chunkForSample(MpegTests.java:193)

flameTestM4B(com.escape_technology_llc.MpegTests)  Time elapsed: 0 s  <<< FAILURE!
java.lang.AssertionError: exists failed
	at com.escape_technology_llc.MpegTests.flameTestM4B(MpegTests.java:270)

boxTreeDump(com.escape_technology_llc.MpegTests)  Time elapsed: 0 s  <<< FAILURE!
java.lang.AssertionError: exists failed
	at com.escape_technology_llc.MpegTests.boxTreeDump(MpegTests.java:107)

flameTestM4B2(com.escape_technology_llc.MpegTests)  Time elapsed: 0 s  <<< FAILURE!
java.lang.AssertionError: exists failed
	at com.escape_technology_llc.MpegTests.flameTestM4B2(MpegTests.java:283)

flameTestAuphonic(com.escape_technology_llc.MpegTests)  Time elapsed: 0 s  <<< FAILURE!
java.lang.AssertionError: exists failed
	at com.escape_technology_llc.MpegTests.flameTestAuphonic(MpegTests.java:296)

accessTextTrackSamplesAuphonic(com.escape_technology_llc.MpegTests)  Time elapsed: 0 s  <<< FAILURE!
java.lang.AssertionError: exists failed
	at com.escape_technology_llc.MpegTests.accessTextTrackSamplesAuphonic(MpegTests.java:154)

flameTestVideo2(com.escape_technology_llc.MpegTests)  Time elapsed: 0 s  <<< FAILURE!
java.lang.AssertionError: exists failed
	at com.escape_technology_llc.MpegTests.flameTestVideo2(MpegTests.java:309)

accessTextTrackSamples(com.escape_technology_llc.MpegTests)  Time elapsed: 0 s  <<< FAILURE!
java.lang.AssertionError: exists failed
	at com.escape_technology_llc.MpegTests.accessTextTrackSamples(MpegTests.java:114)

