<?xml version="1.0" encoding="UTF-8"?>
<testsuite xmlns:xsi="http://www.w3.org/2001/XMLSchema-instance" xsi:noNamespaceSchemaLocation="https://maven.apache.org/surefire/maven-surefire-plugin/xsd/surefire-test-report.xsd" name="com.escape_technology_llc.MpegTests" time="0.006" tests="8" errors="0" skipped="0" failures="8">
  <properties>
[...]
</properties>
  <testcase name="chunkForSample" classname="com.escape_technology_llc.MpegTests" time="0.001">
    <failure message="exists failed" type="java.lang.AssertionError">java.lang.AssertionError: exists failed
	at com.escape_technology_llc.MpegTests.chunkForSample(MpegTests.java:193)
</failure>
  </testcase>
  <testcase name="flameTestM4B" classname="com.escape_technology_llc.MpegTests" time="0">
    <failure message="exists failed" type="java.lang.AssertionError">java.lang.AssertionError: exists failed
	at com.escape_technology_llc.MpegTests.flameTestM4B(MpegTests.java:270)
</failure>
  </testcase>
  <testcase name="boxTreeDump" classname="com.escape_technology_llc.MpegTests" time="0">
    <failure message="exists failed" type="java.lang.AssertionError">java.lang.AssertionError: exists failed
	at com.escape_technology_llc.MpegTests.boxTreeDump(MpegTests.java:107)
</failure>
  </testcase>
  <testcase name="flameTestM4B2" classname="com.escape_technology_llc.MpegTests" time="0">
    <failure message="exists failed" type="java.lang.AssertionError">java.lang.AssertionError: exists failed
	at com.escape_technology_llc.MpegTests.flameTestM4B2(MpegTests.java:283)
</failure>
  </testcase>
  <testcase name="flameTestAuphonic" classname="com.escape_technology_llc.MpegTests" time="0">
    <failure message="exists failed" type="java.lang.AssertionError">java.lang.AssertionError: exists failed
	at com.escape_technology_llc.MpegTests.flameTestAuphonic(MpegTests.java:296)
</failure>
  </testcase>
  <testcase name="accessTextTrackSamplesAuphonic" classname="com.escape_technology_llc.MpegTests" time="0">
    <failure message="exists failed" type="java.lang.AssertionError">java.lang.AssertionError: exists failed
	at com.escape_technology_llc.MpegTests.accessTextTrackSamplesAuphonic(MpegTests.java:154)
</failure>
  </testcase>
  <testcase name="flameTestVideo2" classname="com.escape_technology_llc.MpegTests" time="0">
    <failure message="exists failed" type="java.lang.AssertionError">java.lang.AssertionError: exists failed
	at com.escape_technology_llc.MpegTests.flameTestVideo2(MpegTests.java:309)
</failure>
  </testcase>
  <testcase name="accessTextTrackSamples" classname="com.escape_technology_llc.MpegTests" time="0">
    <failure message="exists failed" type="java.lang.AssertionError">java.lang.AssertionError: exists failed
	at com.escape_technology_llc.MpegTests.accessTextTrackSamples(MpegTests.java:114)
</failure>
  </testcase>
</testsuite>